[2024-08-29 15:04:37,971] INFO [ControllerEventThread controllerId=100] Starting (kafka.controller.ControllerEventManager$ControllerEventThread)
[2024-08-29 15:04:38,004] INFO [Controller id=100] 100 successfully elected as the controller. Epoch incremented to 1 and epoch zk version is now 1 (kafka.controller.KafkaController)
[2024-08-29 15:04:38,010] INFO [Controller id=100] Creating FeatureZNode at path: /feature with contents: FeatureZNode(2,Enabled,Map()) (kafka.controller.KafkaController)
[2024-08-29 15:04:38,065] INFO [Controller id=100] Registering handlers (kafka.controller.KafkaController)
[2024-08-29 15:04:38,071] INFO [Controller id=100] Deleting log dir event notifications (kafka.controller.KafkaController)
[2024-08-29 15:04:38,079] INFO [Controller id=100] Deleting isr change notifications (kafka.controller.KafkaController)
[2024-08-29 15:04:38,088] INFO [Controller id=100] Initializing controller context (kafka.controller.KafkaController)
[2024-08-29 15:04:38,109] INFO [Controller id=100] Initialized broker epochs cache: Map(100 -> 25) (kafka.controller.KafkaController)
[2024-08-29 15:04:38,117] DEBUG [Controller id=100] Register BrokerModifications handler for Set(100) (kafka.controller.KafkaController)
[2024-08-29 15:04:38,123] DEBUG [Channel manager on controller 100]: Controller 100 trying to connect to broker 100 (kafka.controller.ControllerChannelManager)
[2024-08-29 15:04:38,133] INFO [RequestSendThread controllerId=100] Starting (kafka.controller.RequestSendThread)
[2024-08-29 15:04:38,134] INFO [Controller id=100] Currently active brokers in the cluster: Set(100) (kafka.controller.KafkaController)
[2024-08-29 15:04:38,135] INFO [Controller id=100] Currently shutting brokers in the cluster: Set() (kafka.controller.KafkaController)
[2024-08-29 15:04:38,135] INFO [Controller id=100] Current list of topics in the cluster: Set() (kafka.controller.KafkaController)
[2024-08-29 15:04:38,135] INFO [Controller id=100] Fetching topic deletions in progress (kafka.controller.KafkaController)
[2024-08-29 15:04:38,143] INFO [Controller id=100] List of topics to be deleted:  (kafka.controller.KafkaController)
[2024-08-29 15:04:38,144] INFO [Controller id=100] List of topics ineligible for deletion:  (kafka.controller.KafkaController)
[2024-08-29 15:04:38,144] INFO [Controller id=100] Initializing topic deletion manager (kafka.controller.KafkaController)
[2024-08-29 15:04:38,145] INFO [Topic Deletion Manager 100] Initializing manager with initial deletions: Set(), initial ineligible deletions: Set() (kafka.controller.TopicDeletionManager)
[2024-08-29 15:04:38,146] INFO [Controller id=100] Sending update metadata request (kafka.controller.KafkaController)
[2024-08-29 15:04:38,161] INFO [ReplicaStateMachine controllerId=100] Initializing replica state (kafka.controller.ZkReplicaStateMachine)
[2024-08-29 15:04:38,163] INFO [ReplicaStateMachine controllerId=100] Triggering online replica state changes (kafka.controller.ZkReplicaStateMachine)
[2024-08-29 15:04:38,168] INFO [ReplicaStateMachine controllerId=100] Triggering offline replica state changes (kafka.controller.ZkReplicaStateMachine)
[2024-08-29 15:04:38,169] DEBUG [ReplicaStateMachine controllerId=100] Started replica state machine with initial state -> Map() (kafka.controller.ZkReplicaStateMachine)
[2024-08-29 15:04:38,169] INFO [PartitionStateMachine controllerId=100] Initializing partition state (kafka.controller.ZkPartitionStateMachine)
[2024-08-29 15:04:38,170] INFO [PartitionStateMachine controllerId=100] Triggering online partition state changes (kafka.controller.ZkPartitionStateMachine)
[2024-08-29 15:04:38,174] DEBUG [PartitionStateMachine controllerId=100] Started partition state machine with initial state -> Map() (kafka.controller.ZkPartitionStateMachine)
[2024-08-29 15:04:38,175] INFO [Controller id=100] Ready to serve as the new controller with epoch 1 (kafka.controller.KafkaController)
[2024-08-29 15:04:38,183] INFO [Controller id=100] Partitions undergoing preferred replica election:  (kafka.controller.KafkaController)
[2024-08-29 15:04:38,184] INFO [Controller id=100] Partitions that completed preferred replica election:  (kafka.controller.KafkaController)
[2024-08-29 15:04:38,184] INFO [Controller id=100] Skipping preferred replica election for partitions due to topic deletion:  (kafka.controller.KafkaController)
[2024-08-29 15:04:38,184] INFO [Controller id=100] Resuming preferred replica election for partitions:  (kafka.controller.KafkaController)
[2024-08-29 15:04:38,187] INFO [Controller id=100] Starting replica leader election (PREFERRED) for partitions  triggered by ZkTriggered (kafka.controller.KafkaController)
[2024-08-29 15:04:38,195] WARN [RequestSendThread controllerId=100] Controller 100's connection to broker localhost:9092 (id: 100 rack: null) was unsuccessful (kafka.controller.RequestSendThread)
java.io.IOException: Connection to localhost:9092 (id: 100 rack: null) failed.
	at org.apache.kafka.clients.NetworkClientUtils.awaitReady(NetworkClientUtils.java:70)
	at kafka.controller.RequestSendThread.brokerReady(ControllerChannelManager.scala:298)
	at kafka.controller.RequestSendThread.doWork(ControllerChannelManager.scala:251)
	at org.apache.kafka.server.util.ShutdownableThread.run(ShutdownableThread.java:130)
[2024-08-29 15:04:38,209] INFO [Controller id=100] Starting the controller scheduler (kafka.controller.KafkaController)
[2024-08-29 15:04:38,310] INFO [RequestSendThread controllerId=100] Controller 100 connected to localhost:9092 (id: 100 rack: null) for sending state change requests (kafka.controller.RequestSendThread)
[2024-08-29 15:04:43,216] INFO [Controller id=100] Processing automatic preferred replica leader election (kafka.controller.KafkaController)
[2024-08-29 15:04:43,217] TRACE [Controller id=100] Checking need to trigger auto leader balancing (kafka.controller.KafkaController)
