[2024-08-29 15:04:15,456] INFO Reading configuration from: .\config\zookeeper.properties (org.apache.zookeeper.server.quorum.QuorumPeerConfig)
[2024-08-29 15:04:15,463] WARN \tmp-pk\zookeeper1 is relative. Prepend .\ to indicate that you're sure! (org.apache.zookeeper.server.quorum.QuorumPeerConfig)
[2024-08-29 15:04:15,478] INFO clientPortAddress is 0.0.0.0:2181 (org.apache.zookeeper.server.quorum.QuorumPeerConfig)
[2024-08-29 15:04:15,479] INFO secureClientPort is not set (org.apache.zookeeper.server.quorum.QuorumPeerConfig)
[2024-08-29 15:04:15,480] INFO observerMasterPort is not set (org.apache.zookeeper.server.quorum.QuorumPeerConfig)
[2024-08-29 15:04:15,480] INFO metricsProvider.className is org.apache.zookeeper.metrics.impl.DefaultMetricsProvider (org.apache.zookeeper.server.quorum.QuorumPeerConfig)
[2024-08-29 15:04:15,497] INFO autopurge.snapRetainCount set to 3 (org.apache.zookeeper.server.DatadirCleanupManager)
[2024-08-29 15:04:15,497] INFO autopurge.purgeInterval set to 0 (org.apache.zookeeper.server.DatadirCleanupManager)
[2024-08-29 15:04:15,497] INFO Purge task is not scheduled. (org.apache.zookeeper.server.DatadirCleanupManager)
[2024-08-29 15:04:15,497] WARN Either no config or no quorum defined in config, running in standalone mode (org.apache.zookeeper.server.quorum.QuorumPeerMain)
[2024-08-29 15:04:15,497] INFO Log4j 1.2 jmx support not found; jmx disabled. (org.apache.zookeeper.jmx.ManagedUtil)
[2024-08-29 15:04:15,497] INFO Reading configuration from: .\config\zookeeper.properties (org.apache.zookeeper.server.quorum.QuorumPeerConfig)
[2024-08-29 15:04:15,497] WARN \tmp-pk\zookeeper1 is relative. Prepend .\ to indicate that you're sure! (org.apache.zookeeper.server.quorum.QuorumPeerConfig)
[2024-08-29 15:04:15,497] INFO clientPortAddress is 0.0.0.0:2181 (org.apache.zookeeper.server.quorum.QuorumPeerConfig)
[2024-08-29 15:04:15,497] INFO secureClientPort is not set (org.apache.zookeeper.server.quorum.QuorumPeerConfig)
[2024-08-29 15:04:15,497] INFO observerMasterPort is not set (org.apache.zookeeper.server.quorum.QuorumPeerConfig)
[2024-08-29 15:04:15,497] INFO metricsProvider.className is org.apache.zookeeper.metrics.impl.DefaultMetricsProvider (org.apache.zookeeper.server.quorum.QuorumPeerConfig)
[2024-08-29 15:04:15,509] INFO Starting server (org.apache.zookeeper.server.ZooKeeperServerMain)
[2024-08-29 15:04:15,545] INFO ServerMetrics initialized with provider org.apache.zookeeper.metrics.impl.DefaultMetricsProvider@62e7f11d (org.apache.zookeeper.server.ServerMetrics)
[2024-08-29 15:04:15,549] INFO ACL digest algorithm is: SHA1 (org.apache.zookeeper.server.auth.DigestAuthenticationProvider)
[2024-08-29 15:04:15,551] INFO zookeeper.DigestAuthenticationProvider.enabled = true (org.apache.zookeeper.server.auth.DigestAuthenticationProvider)
[2024-08-29 15:04:15,554] INFO zookeeper.snapshot.trust.empty : false (org.apache.zookeeper.server.persistence.FileTxnSnapLog)
[2024-08-29 15:04:15,564] INFO  (org.apache.zookeeper.server.ZooKeeperServer)
[2024-08-29 15:04:15,564] INFO   ______                  _                                           (org.apache.zookeeper.server.ZooKeeperServer)
[2024-08-29 15:04:15,564] INFO  |___  /                 | |                                          (org.apache.zookeeper.server.ZooKeeperServer)
[2024-08-29 15:04:15,564] INFO     / /    ___     ___   | | __   ___    ___   _ __     ___   _ __    (org.apache.zookeeper.server.ZooKeeperServer)
[2024-08-29 15:04:15,573] INFO    / /    / _ \   / _ \  | |/ /  / _ \  / _ \ | '_ \   / _ \ | '__| (org.apache.zookeeper.server.ZooKeeperServer)
[2024-08-29 15:04:15,573] INFO   / /__  | (_) | | (_) | |   <  |  __/ |  __/ | |_) | |  __/ | |     (org.apache.zookeeper.server.ZooKeeperServer)
[2024-08-29 15:04:15,573] INFO  /_____|  \___/   \___/  |_|\_\  \___|  \___| | .__/   \___| |_| (org.apache.zookeeper.server.ZooKeeperServer)
[2024-08-29 15:04:15,573] INFO                                               | |                      (org.apache.zookeeper.server.ZooKeeperServer)
[2024-08-29 15:04:15,573] INFO                                               |_|                      (org.apache.zookeeper.server.ZooKeeperServer)
[2024-08-29 15:04:15,575] INFO  (org.apache.zookeeper.server.ZooKeeperServer)
[2024-08-29 15:04:15,584] INFO Server environment:zookeeper.version=3.8.3-6ad6d364c7c0bcf0de452d54ebefa3058098ab56, built on 2023-10-05 10:34 UTC (org.apache.zookeeper.server.ZooKeeperServer)
[2024-08-29 15:04:15,584] INFO Server environment:host.name=DESKTOP-H7MQ9GR (org.apache.zookeeper.server.ZooKeeperServer)
[2024-08-29 15:04:15,585] INFO Server environment:java.version=11.0.23 (org.apache.zookeeper.server.ZooKeeperServer)
[2024-08-29 15:04:15,585] INFO Server environment:java.vendor=Oracle Corporation (org.apache.zookeeper.server.ZooKeeperServer)
[2024-08-29 15:04:15,585] INFO Server environment:java.home=C:\Program Files\Java\jdk-11 (org.apache.zookeeper.server.ZooKeeperServer)
[2024-08-29 15:04:15,585] INFO Server environment:java.class.path=C:\kafka_2.12-3.6.1-pk\libs\activation-1.1.1.jar;C:\kafka_2.12-3.6.1-pk\libs\aopalliance-repackaged-2.6.1.jar;C:\kafka_2.12-3.6.1-pk\libs\argparse4j-0.7.0.jar;C:\kafka_2.12-3.6.1-pk\libs\audience-annotations-0.12.0.jar;C:\kafka_2.12-3.6.1-pk\libs\caffeine-2.9.3.jar;C:\kafka_2.12-3.6.1-pk\libs\checker-qual-3.19.0.jar;C:\kafka_2.12-3.6.1-pk\libs\commons-beanutils-1.9.4.jar;C:\kafka_2.12-3.6.1-pk\libs\commons-cli-1.4.jar;C:\kafka_2.12-3.6.1-pk\libs\commons-collections-3.2.2.jar;C:\kafka_2.12-3.6.1-pk\libs\commons-digester-2.1.jar;C:\kafka_2.12-3.6.1-pk\libs\commons-io-2.11.0.jar;C:\kafka_2.12-3.6.1-pk\libs\commons-lang3-3.8.1.jar;C:\kafka_2.12-3.6.1-pk\libs\commons-logging-1.2.jar;C:\kafka_2.12-3.6.1-pk\libs\commons-validator-1.7.jar;C:\kafka_2.12-3.6.1-pk\libs\connect-api-3.6.1.jar;C:\kafka_2.12-3.6.1-pk\libs\connect-basic-auth-extension-3.6.1.jar;C:\kafka_2.12-3.6.1-pk\libs\connect-file-3.6.1.jar;C:\kafka_2.12-3.6.1-pk\libs\connect-json-3.6.1.jar;C:\kafka_2.12-3.6.1-pk\libs\connect-mirror-3.6.1.jar;C:\kafka_2.12-3.6.1-pk\libs\connect-mirror-client-3.6.1.jar;C:\kafka_2.12-3.6.1-pk\libs\connect-runtime-3.6.1.jar;C:\kafka_2.12-3.6.1-pk\libs\connect-transforms-3.6.1.jar;C:\kafka_2.12-3.6.1-pk\libs\error_prone_annotations-2.10.0.jar;C:\kafka_2.12-3.6.1-pk\libs\hk2-api-2.6.1.jar;C:\kafka_2.12-3.6.1-pk\libs\hk2-locator-2.6.1.jar;C:\kafka_2.12-3.6.1-pk\libs\hk2-utils-2.6.1.jar;C:\kafka_2.12-3.6.1-pk\libs\jackson-annotations-2.13.5.jar;C:\kafka_2.12-3.6.1-pk\libs\jackson-core-2.13.5.jar;C:\kafka_2.12-3.6.1-pk\libs\jackson-databind-2.13.5.jar;C:\kafka_2.12-3.6.1-pk\libs\jackson-dataformat-csv-2.13.5.jar;C:\kafka_2.12-3.6.1-pk\libs\jackson-datatype-jdk8-2.13.5.jar;C:\kafka_2.12-3.6.1-pk\libs\jackson-jaxrs-base-2.13.5.jar;C:\kafka_2.12-3.6.1-pk\libs\jackson-jaxrs-json-provider-2.13.5.jar;C:\kafka_2.12-3.6.1-pk\libs\jackson-module-jaxb-annotations-2.13.5.jar;C:\kafka_2.12-3.6.1-pk\libs\jackson-module-scala_2.12-2.13.5.jar;C:\kafka_2.12-3.6.1-pk\libs\jakarta.activation-api-1.2.2.jar;C:\kafka_2.12-3.6.1-pk\libs\jakarta.annotation-api-1.3.5.jar;C:\kafka_2.12-3.6.1-pk\libs\jakarta.inject-2.6.1.jar;C:\kafka_2.12-3.6.1-pk\libs\jakarta.validation-api-2.0.2.jar;C:\kafka_2.12-3.6.1-pk\libs\jakarta.ws.rs-api-2.1.6.jar;C:\kafka_2.12-3.6.1-pk\libs\jakarta.xml.bind-api-2.3.3.jar;C:\kafka_2.12-3.6.1-pk\libs\javassist-3.29.2-GA.jar;C:\kafka_2.12-3.6.1-pk\libs\javax.activation-api-1.2.0.jar;C:\kafka_2.12-3.6.1-pk\libs\javax.annotation-api-1.3.2.jar;C:\kafka_2.12-3.6.1-pk\libs\javax.servlet-api-3.1.0.jar;C:\kafka_2.12-3.6.1-pk\libs\javax.ws.rs-api-2.1.1.jar;C:\kafka_2.12-3.6.1-pk\libs\jaxb-api-2.3.1.jar;C:\kafka_2.12-3.6.1-pk\libs\jersey-client-2.39.1.jar;C:\kafka_2.12-3.6.1-pk\libs\jersey-common-2.39.1.jar;C:\kafka_2.12-3.6.1-pk\libs\jersey-container-servlet-2.39.1.jar;C:\kafka_2.12-3.6.1-pk\libs\jersey-container-servlet-core-2.39.1.jar;C:\kafka_2.12-3.6.1-pk\libs\jersey-hk2-2.39.1.jar;C:\kafka_2.12-3.6.1-pk\libs\jersey-server-2.39.1.jar;C:\kafka_2.12-3.6.1-pk\libs\jetty-client-9.4.52.v20230823.jar;C:\kafka_2.12-3.6.1-pk\libs\jetty-continuation-9.4.52.v20230823.jar;C:\kafka_2.12-3.6.1-pk\libs\jetty-http-9.4.52.v20230823.jar;C:\kafka_2.12-3.6.1-pk\libs\jetty-io-9.4.52.v20230823.jar;C:\kafka_2.12-3.6.1-pk\libs\jetty-security-9.4.52.v20230823.jar;C:\kafka_2.12-3.6.1-pk\libs\jetty-server-9.4.52.v20230823.jar;C:\kafka_2.12-3.6.1-pk\libs\jetty-servlet-9.4.52.v20230823.jar;C:\kafka_2.12-3.6.1-pk\libs\jetty-servlets-9.4.52.v20230823.jar;C:\kafka_2.12-3.6.1-pk\libs\jetty-util-9.4.52.v20230823.jar;C:\kafka_2.12-3.6.1-pk\libs\jetty-util-ajax-9.4.52.v20230823.jar;C:\kafka_2.12-3.6.1-pk\libs\jline-3.22.0.jar;C:\kafka_2.12-3.6.1-pk\libs\jopt-simple-5.0.4.jar;C:\kafka_2.12-3.6.1-pk\libs\jose4j-0.9.3.jar;C:\kafka_2.12-3.6.1-pk\libs\jsr305-3.0.2.jar;C:\kafka_2.12-3.6.1-pk\libs\kafka-clients-3.6.1.jar;C:\kafka_2.12-3.6.1-pk\libs\kafka-group-coordinator-3.6.1.jar;C:\kafka_2.12-3.6.1-pk\libs\kafka-log4j-appender-3.6.1.jar;C:\kafka_2.12-3.6.1-pk\libs\kafka-metadata-3.6.1.jar;C:\kafka_2.12-3.6.1-pk\libs\kafka-raft-3.6.1.jar;C:\kafka_2.12-3.6.1-pk\libs\kafka-server-common-3.6.1.jar;C:\kafka_2.12-3.6.1-pk\libs\kafka-shell-3.6.1.jar;C:\kafka_2.12-3.6.1-pk\libs\kafka-storage-3.6.1.jar;C:\kafka_2.12-3.6.1-pk\libs\kafka-storage-api-3.6.1.jar;C:\kafka_2.12-3.6.1-pk\libs\kafka-streams-3.6.1.jar;C:\kafka_2.12-3.6.1-pk\libs\kafka-streams-examples-3.6.1.jar;C:\kafka_2.12-3.6.1-pk\libs\kafka-streams-scala_2.12-3.6.1.jar;C:\kafka_2.12-3.6.1-pk\libs\kafka-streams-test-utils-3.6.1.jar;C:\kafka_2.12-3.6.1-pk\libs\kafka-tools-3.6.1.jar;C:\kafka_2.12-3.6.1-pk\libs\kafka-tools-api-3.6.1.jar;C:\kafka_2.12-3.6.1-pk\libs\kafka_2.12-3.6.1.jar;C:\kafka_2.12-3.6.1-pk\libs\lz4-java-1.8.0.jar;C:\kafka_2.12-3.6.1-pk\libs\maven-artifact-3.8.8.jar;C:\kafka_2.12-3.6.1-pk\libs\metrics-core-2.2.0.jar;C:\kafka_2.12-3.6.1-pk\libs\metrics-core-4.1.12.1.jar;C:\kafka_2.12-3.6.1-pk\libs\netty-buffer-4.1.100.Final.jar;C:\kafka_2.12-3.6.1-pk\libs\netty-codec-4.1.100.Final.jar;C:\kafka_2.12-3.6.1-pk\libs\netty-common-4.1.100.Final.jar;C:\kafka_2.12-3.6.1-pk\libs\netty-handler-4.1.100.Final.jar;C:\kafka_2.12-3.6.1-pk\libs\netty-resolver-4.1.100.Final.jar;C:\kafka_2.12-3.6.1-pk\libs\netty-transport-4.1.100.Final.jar;C:\kafka_2.12-3.6.1-pk\libs\netty-transport-classes-epoll-4.1.100.Final.jar;C:\kafka_2.12-3.6.1-pk\libs\netty-transport-native-epoll-4.1.100.Final.jar;C:\kafka_2.12-3.6.1-pk\libs\netty-transport-native-unix-common-4.1.100.Final.jar;C:\kafka_2.12-3.6.1-pk\libs\osgi-resource-locator-1.0.3.jar;C:\kafka_2.12-3.6.1-pk\libs\paranamer-2.8.jar;C:\kafka_2.12-3.6.1-pk\libs\pcollections-4.0.1.jar;C:\kafka_2.12-3.6.1-pk\libs\plexus-utils-3.3.1.jar;C:\kafka_2.12-3.6.1-pk\libs\reflections-0.10.2.jar;C:\kafka_2.12-3.6.1-pk\libs\reload4j-1.2.25.jar;C:\kafka_2.12-3.6.1-pk\libs\rocksdbjni-7.9.2.jar;C:\kafka_2.12-3.6.1-pk\libs\scala-collection-compat_2.12-2.10.0.jar;C:\kafka_2.12-3.6.1-pk\libs\scala-java8-compat_2.12-1.0.2.jar;C:\kafka_2.12-3.6.1-pk\libs\scala-library-2.12.18.jar;C:\kafka_2.12-3.6.1-pk\libs\scala-logging_2.12-3.9.4.jar;C:\kafka_2.12-3.6.1-pk\libs\scala-reflect-2.12.18.jar;C:\kafka_2.12-3.6.1-pk\libs\slf4j-api-1.7.36.jar;C:\kafka_2.12-3.6.1-pk\libs\slf4j-reload4j-1.7.36.jar;C:\kafka_2.12-3.6.1-pk\libs\snappy-java-1.1.10.5.jar;C:\kafka_2.12-3.6.1-pk\libs\swagger-annotations-2.2.8.jar;C:\kafka_2.12-3.6.1-pk\libs\trogdor-3.6.1.jar;C:\kafka_2.12-3.6.1-pk\libs\zookeeper-3.8.3.jar;C:\kafka_2.12-3.6.1-pk\libs\zookeeper-jute-3.8.3.jar;C:\kafka_2.12-3.6.1-pk\libs\zstd-jni-1.5.5-1.jar (org.apache.zookeeper.server.ZooKeeperServer)
[2024-08-29 15:04:15,595] INFO Server environment:java.library.path=C:\Program Files\Java\jdk-11\bin;C:\Windows\Sun\Java\bin;C:\Windows\system32;C:\Windows;C:\Program Files\Common Files\Oracle\Java\javapath;C:\Windows\system32;C:\Windows;C:\Windows\System32\Wbem;C:\Windows\System32\WindowsPowerShell\v1.0\;C:\Windows\System32\OpenSSH\;C:\Program Files\PuTTY\;C:\Users\localadmin\AppData\Local\Microsoft\WindowsApps;C:\Users\localadmin\AppData\Local\Programs\Microsoft VS Code\bin;. (org.apache.zookeeper.server.ZooKeeperServer)
[2024-08-29 15:04:15,595] INFO Server environment:java.io.tmpdir=C:\Users\LOCALA~1\AppData\Local\Temp\ (org.apache.zookeeper.server.ZooKeeperServer)
[2024-08-29 15:04:15,601] INFO Server environment:java.compiler=<NA> (org.apache.zookeeper.server.ZooKeeperServer)
[2024-08-29 15:04:15,601] INFO Server environment:os.name=Windows 11 (org.apache.zookeeper.server.ZooKeeperServer)
[2024-08-29 15:04:15,601] INFO Server environment:os.arch=amd64 (org.apache.zookeeper.server.ZooKeeperServer)
[2024-08-29 15:04:15,601] INFO Server environment:os.version=10.0 (org.apache.zookeeper.server.ZooKeeperServer)
[2024-08-29 15:04:15,601] INFO Server environment:user.name=localadmin (org.apache.zookeeper.server.ZooKeeperServer)
[2024-08-29 15:04:15,601] INFO Server environment:user.home=C:\Users\localadmin (org.apache.zookeeper.server.ZooKeeperServer)
[2024-08-29 15:04:15,606] INFO Server environment:user.dir=C:\kafka_2.12-3.6.1-pk (org.apache.zookeeper.server.ZooKeeperServer)
[2024-08-29 15:04:15,606] INFO Server environment:os.memory.free=489MB (org.apache.zookeeper.server.ZooKeeperServer)
[2024-08-29 15:04:15,606] INFO Server environment:os.memory.max=512MB (org.apache.zookeeper.server.ZooKeeperServer)
[2024-08-29 15:04:15,606] INFO Server environment:os.memory.total=512MB (org.apache.zookeeper.server.ZooKeeperServer)
[2024-08-29 15:04:15,606] INFO zookeeper.enableEagerACLCheck = false (org.apache.zookeeper.server.ZooKeeperServer)
[2024-08-29 15:04:15,606] INFO zookeeper.digest.enabled = true (org.apache.zookeeper.server.ZooKeeperServer)
[2024-08-29 15:04:15,606] INFO zookeeper.closeSessionTxn.enabled = true (org.apache.zookeeper.server.ZooKeeperServer)
[2024-08-29 15:04:15,606] INFO zookeeper.flushDelay = 0 ms (org.apache.zookeeper.server.ZooKeeperServer)
[2024-08-29 15:04:15,611] INFO zookeeper.maxWriteQueuePollTime = 0 ms (org.apache.zookeeper.server.ZooKeeperServer)
[2024-08-29 15:04:15,611] INFO zookeeper.maxBatchSize=1000 (org.apache.zookeeper.server.ZooKeeperServer)
[2024-08-29 15:04:15,611] INFO zookeeper.intBufferStartingSizeBytes = 1024 (org.apache.zookeeper.server.ZooKeeperServer)
[2024-08-29 15:04:15,615] INFO Weighed connection throttling is disabled (org.apache.zookeeper.server.BlueThrottle)
[2024-08-29 15:04:15,617] INFO minSessionTimeout set to 6000 ms (org.apache.zookeeper.server.ZooKeeperServer)
[2024-08-29 15:04:15,617] INFO maxSessionTimeout set to 60000 ms (org.apache.zookeeper.server.ZooKeeperServer)
[2024-08-29 15:04:15,621] INFO getData response cache size is initialized with value 400. (org.apache.zookeeper.server.ResponseCache)
[2024-08-29 15:04:15,621] INFO getChildren response cache size is initialized with value 400. (org.apache.zookeeper.server.ResponseCache)
[2024-08-29 15:04:15,621] INFO zookeeper.pathStats.slotCapacity = 60 (org.apache.zookeeper.server.util.RequestPathMetricsCollector)
[2024-08-29 15:04:15,621] INFO zookeeper.pathStats.slotDuration = 15 (org.apache.zookeeper.server.util.RequestPathMetricsCollector)
[2024-08-29 15:04:15,621] INFO zookeeper.pathStats.maxDepth = 6 (org.apache.zookeeper.server.util.RequestPathMetricsCollector)
[2024-08-29 15:04:15,621] INFO zookeeper.pathStats.initialDelay = 5 (org.apache.zookeeper.server.util.RequestPathMetricsCollector)
[2024-08-29 15:04:15,621] INFO zookeeper.pathStats.delay = 5 (org.apache.zookeeper.server.util.RequestPathMetricsCollector)
[2024-08-29 15:04:15,621] INFO zookeeper.pathStats.enabled = false (org.apache.zookeeper.server.util.RequestPathMetricsCollector)
[2024-08-29 15:04:15,628] INFO The max bytes for all large requests are set to 104857600 (org.apache.zookeeper.server.ZooKeeperServer)
[2024-08-29 15:04:15,628] INFO The large request threshold is set to -1 (org.apache.zookeeper.server.ZooKeeperServer)
[2024-08-29 15:04:15,631] INFO zookeeper.enforce.auth.enabled = false (org.apache.zookeeper.server.AuthenticationHelper)
[2024-08-29 15:04:15,631] INFO zookeeper.enforce.auth.schemes = [] (org.apache.zookeeper.server.AuthenticationHelper)
[2024-08-29 15:04:15,631] INFO Created server with tickTime 3000 ms minSessionTimeout 6000 ms maxSessionTimeout 60000 ms clientPortListenBacklog -1 datadir \tmp-pk\zookeeper1\version-2 snapdir \tmp-pk\zookeeper1\version-2 (org.apache.zookeeper.server.ZooKeeperServer)
[2024-08-29 15:04:15,678] INFO Using org.apache.zookeeper.server.NIOServerCnxnFactory as server connection factory (org.apache.zookeeper.server.ServerCnxnFactory)
[2024-08-29 15:04:15,678] WARN maxCnxns is not configured, using default value 0. (org.apache.zookeeper.server.ServerCnxnFactory)
[2024-08-29 15:04:15,678] INFO Configuring NIO connection handler with 10s sessionless connection timeout, 2 selector thread(s), 24 worker threads, and 64 kB direct buffers. (org.apache.zookeeper.server.NIOServerCnxnFactory)
[2024-08-29 15:04:15,712] INFO binding to port 0.0.0.0/0.0.0.0:2181 (org.apache.zookeeper.server.NIOServerCnxnFactory)
[2024-08-29 15:04:15,746] INFO Using org.apache.zookeeper.server.watch.WatchManager as watch manager (org.apache.zookeeper.server.watch.WatchManagerFactory)
[2024-08-29 15:04:15,747] INFO Using org.apache.zookeeper.server.watch.WatchManager as watch manager (org.apache.zookeeper.server.watch.WatchManagerFactory)
[2024-08-29 15:04:15,748] INFO zookeeper.snapshotSizeFactor = 0.33 (org.apache.zookeeper.server.ZKDatabase)
[2024-08-29 15:04:15,749] INFO zookeeper.commitLogCount=500 (org.apache.zookeeper.server.ZKDatabase)
[2024-08-29 15:04:15,754] INFO zookeeper.snapshot.compression.method = CHECKED (org.apache.zookeeper.server.persistence.SnapStream)
[2024-08-29 15:04:15,755] INFO Snapshotting: 0x0 to \tmp-pk\zookeeper1\version-2\snapshot.0 (org.apache.zookeeper.server.persistence.FileTxnSnapLog)
[2024-08-29 15:04:15,759] INFO Snapshot loaded in 10 ms, highest zxid is 0x0, digest is 1371985504 (org.apache.zookeeper.server.ZKDatabase)
[2024-08-29 15:04:15,762] INFO Snapshotting: 0x0 to \tmp-pk\zookeeper1\version-2\snapshot.0 (org.apache.zookeeper.server.persistence.FileTxnSnapLog)
[2024-08-29 15:04:15,764] INFO Snapshot taken in 2 ms (org.apache.zookeeper.server.ZooKeeperServer)
[2024-08-29 15:04:15,776] INFO PrepRequestProcessor (sid:0) started, reconfigEnabled=false (org.apache.zookeeper.server.PrepRequestProcessor)
[2024-08-29 15:04:15,776] INFO zookeeper.request_throttler.shutdownTimeout = 10000 ms (org.apache.zookeeper.server.RequestThrottler)
[2024-08-29 15:04:15,800] INFO Using checkIntervalMs=60000 maxPerMinute=10000 maxNeverUsedIntervalMs=0 (org.apache.zookeeper.server.ContainerManager)
[2024-08-29 15:04:15,803] INFO ZooKeeper audit is enabled. (org.apache.zookeeper.audit.ZKAuditProvider)
[2024-08-29 15:04:15,804] INFO user=localadmin	operation=serverStart	result=success (org.apache.zookeeper.audit.Slf4jAuditLogger)
[2024-08-29 15:04:36,152] INFO Registered kafka:type=kafka.Log4jController MBean (kafka.utils.Log4jControllerRegistration$)
[2024-08-29 15:04:36,543] INFO Setting -D jdk.tls.rejectClientInitiatedRenegotiation=true to disable client-initiated TLS renegotiation (org.apache.zookeeper.common.X509Util)
[2024-08-29 15:04:36,647] INFO starting (kafka.server.KafkaServer)
[2024-08-29 15:04:36,647] INFO Connecting to zookeeper on localhost:2181 (kafka.server.KafkaServer)
[2024-08-29 15:04:36,663] INFO [ZooKeeperClient Kafka server] Initializing a new session to localhost:2181. (kafka.zookeeper.ZooKeeperClient)
[2024-08-29 15:04:36,668] INFO Client environment:zookeeper.version=3.8.3-6ad6d364c7c0bcf0de452d54ebefa3058098ab56, built on 2023-10-05 10:34 UTC (org.apache.zookeeper.ZooKeeper)
[2024-08-29 15:04:36,668] INFO Client environment:host.name=DESKTOP-H7MQ9GR (org.apache.zookeeper.ZooKeeper)
[2024-08-29 15:04:36,668] INFO Client environment:java.version=11.0.23 (org.apache.zookeeper.ZooKeeper)
[2024-08-29 15:04:36,669] INFO Client environment:java.vendor=Oracle Corporation (org.apache.zookeeper.ZooKeeper)
[2024-08-29 15:04:36,669] INFO Client environment:java.home=C:\Program Files\Java\jdk-11 (org.apache.zookeeper.ZooKeeper)
[2024-08-29 15:04:36,670] INFO Client environment:java.class.path=C:\kafka_2.12-3.6.1-pk\libs\activation-1.1.1.jar;C:\kafka_2.12-3.6.1-pk\libs\aopalliance-repackaged-2.6.1.jar;C:\kafka_2.12-3.6.1-pk\libs\argparse4j-0.7.0.jar;C:\kafka_2.12-3.6.1-pk\libs\audience-annotations-0.12.0.jar;C:\kafka_2.12-3.6.1-pk\libs\caffeine-2.9.3.jar;C:\kafka_2.12-3.6.1-pk\libs\checker-qual-3.19.0.jar;C:\kafka_2.12-3.6.1-pk\libs\commons-beanutils-1.9.4.jar;C:\kafka_2.12-3.6.1-pk\libs\commons-cli-1.4.jar;C:\kafka_2.12-3.6.1-pk\libs\commons-collections-3.2.2.jar;C:\kafka_2.12-3.6.1-pk\libs\commons-digester-2.1.jar;C:\kafka_2.12-3.6.1-pk\libs\commons-io-2.11.0.jar;C:\kafka_2.12-3.6.1-pk\libs\commons-lang3-3.8.1.jar;C:\kafka_2.12-3.6.1-pk\libs\commons-logging-1.2.jar;C:\kafka_2.12-3.6.1-pk\libs\commons-validator-1.7.jar;C:\kafka_2.12-3.6.1-pk\libs\connect-api-3.6.1.jar;C:\kafka_2.12-3.6.1-pk\libs\connect-basic-auth-extension-3.6.1.jar;C:\kafka_2.12-3.6.1-pk\libs\connect-file-3.6.1.jar;C:\kafka_2.12-3.6.1-pk\libs\connect-json-3.6.1.jar;C:\kafka_2.12-3.6.1-pk\libs\connect-mirror-3.6.1.jar;C:\kafka_2.12-3.6.1-pk\libs\connect-mirror-client-3.6.1.jar;C:\kafka_2.12-3.6.1-pk\libs\connect-runtime-3.6.1.jar;C:\kafka_2.12-3.6.1-pk\libs\connect-transforms-3.6.1.jar;C:\kafka_2.12-3.6.1-pk\libs\error_prone_annotations-2.10.0.jar;C:\kafka_2.12-3.6.1-pk\libs\hk2-api-2.6.1.jar;C:\kafka_2.12-3.6.1-pk\libs\hk2-locator-2.6.1.jar;C:\kafka_2.12-3.6.1-pk\libs\hk2-utils-2.6.1.jar;C:\kafka_2.12-3.6.1-pk\libs\jackson-annotations-2.13.5.jar;C:\kafka_2.12-3.6.1-pk\libs\jackson-core-2.13.5.jar;C:\kafka_2.12-3.6.1-pk\libs\jackson-databind-2.13.5.jar;C:\kafka_2.12-3.6.1-pk\libs\jackson-dataformat-csv-2.13.5.jar;C:\kafka_2.12-3.6.1-pk\libs\jackson-datatype-jdk8-2.13.5.jar;C:\kafka_2.12-3.6.1-pk\libs\jackson-jaxrs-base-2.13.5.jar;C:\kafka_2.12-3.6.1-pk\libs\jackson-jaxrs-json-provider-2.13.5.jar;C:\kafka_2.12-3.6.1-pk\libs\jackson-module-jaxb-annotations-2.13.5.jar;C:\kafka_2.12-3.6.1-pk\libs\jackson-module-scala_2.12-2.13.5.jar;C:\kafka_2.12-3.6.1-pk\libs\jakarta.activation-api-1.2.2.jar;C:\kafka_2.12-3.6.1-pk\libs\jakarta.annotation-api-1.3.5.jar;C:\kafka_2.12-3.6.1-pk\libs\jakarta.inject-2.6.1.jar;C:\kafka_2.12-3.6.1-pk\libs\jakarta.validation-api-2.0.2.jar;C:\kafka_2.12-3.6.1-pk\libs\jakarta.ws.rs-api-2.1.6.jar;C:\kafka_2.12-3.6.1-pk\libs\jakarta.xml.bind-api-2.3.3.jar;C:\kafka_2.12-3.6.1-pk\libs\javassist-3.29.2-GA.jar;C:\kafka_2.12-3.6.1-pk\libs\javax.activation-api-1.2.0.jar;C:\kafka_2.12-3.6.1-pk\libs\javax.annotation-api-1.3.2.jar;C:\kafka_2.12-3.6.1-pk\libs\javax.servlet-api-3.1.0.jar;C:\kafka_2.12-3.6.1-pk\libs\javax.ws.rs-api-2.1.1.jar;C:\kafka_2.12-3.6.1-pk\libs\jaxb-api-2.3.1.jar;C:\kafka_2.12-3.6.1-pk\libs\jersey-client-2.39.1.jar;C:\kafka_2.12-3.6.1-pk\libs\jersey-common-2.39.1.jar;C:\kafka_2.12-3.6.1-pk\libs\jersey-container-servlet-2.39.1.jar;C:\kafka_2.12-3.6.1-pk\libs\jersey-container-servlet-core-2.39.1.jar;C:\kafka_2.12-3.6.1-pk\libs\jersey-hk2-2.39.1.jar;C:\kafka_2.12-3.6.1-pk\libs\jersey-server-2.39.1.jar;C:\kafka_2.12-3.6.1-pk\libs\jetty-client-9.4.52.v20230823.jar;C:\kafka_2.12-3.6.1-pk\libs\jetty-continuation-9.4.52.v20230823.jar;C:\kafka_2.12-3.6.1-pk\libs\jetty-http-9.4.52.v20230823.jar;C:\kafka_2.12-3.6.1-pk\libs\jetty-io-9.4.52.v20230823.jar;C:\kafka_2.12-3.6.1-pk\libs\jetty-security-9.4.52.v20230823.jar;C:\kafka_2.12-3.6.1-pk\libs\jetty-server-9.4.52.v20230823.jar;C:\kafka_2.12-3.6.1-pk\libs\jetty-servlet-9.4.52.v20230823.jar;C:\kafka_2.12-3.6.1-pk\libs\jetty-servlets-9.4.52.v20230823.jar;C:\kafka_2.12-3.6.1-pk\libs\jetty-util-9.4.52.v20230823.jar;C:\kafka_2.12-3.6.1-pk\libs\jetty-util-ajax-9.4.52.v20230823.jar;C:\kafka_2.12-3.6.1-pk\libs\jline-3.22.0.jar;C:\kafka_2.12-3.6.1-pk\libs\jopt-simple-5.0.4.jar;C:\kafka_2.12-3.6.1-pk\libs\jose4j-0.9.3.jar;C:\kafka_2.12-3.6.1-pk\libs\jsr305-3.0.2.jar;C:\kafka_2.12-3.6.1-pk\libs\kafka-clients-3.6.1.jar;C:\kafka_2.12-3.6.1-pk\libs\kafka-group-coordinator-3.6.1.jar;C:\kafka_2.12-3.6.1-pk\libs\kafka-log4j-appender-3.6.1.jar;C:\kafka_2.12-3.6.1-pk\libs\kafka-metadata-3.6.1.jar;C:\kafka_2.12-3.6.1-pk\libs\kafka-raft-3.6.1.jar;C:\kafka_2.12-3.6.1-pk\libs\kafka-server-common-3.6.1.jar;C:\kafka_2.12-3.6.1-pk\libs\kafka-shell-3.6.1.jar;C:\kafka_2.12-3.6.1-pk\libs\kafka-storage-3.6.1.jar;C:\kafka_2.12-3.6.1-pk\libs\kafka-storage-api-3.6.1.jar;C:\kafka_2.12-3.6.1-pk\libs\kafka-streams-3.6.1.jar;C:\kafka_2.12-3.6.1-pk\libs\kafka-streams-examples-3.6.1.jar;C:\kafka_2.12-3.6.1-pk\libs\kafka-streams-scala_2.12-3.6.1.jar;C:\kafka_2.12-3.6.1-pk\libs\kafka-streams-test-utils-3.6.1.jar;C:\kafka_2.12-3.6.1-pk\libs\kafka-tools-3.6.1.jar;C:\kafka_2.12-3.6.1-pk\libs\kafka-tools-api-3.6.1.jar;C:\kafka_2.12-3.6.1-pk\libs\kafka_2.12-3.6.1.jar;C:\kafka_2.12-3.6.1-pk\libs\lz4-java-1.8.0.jar;C:\kafka_2.12-3.6.1-pk\libs\maven-artifact-3.8.8.jar;C:\kafka_2.12-3.6.1-pk\libs\metrics-core-2.2.0.jar;C:\kafka_2.12-3.6.1-pk\libs\metrics-core-4.1.12.1.jar;C:\kafka_2.12-3.6.1-pk\libs\netty-buffer-4.1.100.Final.jar;C:\kafka_2.12-3.6.1-pk\libs\netty-codec-4.1.100.Final.jar;C:\kafka_2.12-3.6.1-pk\libs\netty-common-4.1.100.Final.jar;C:\kafka_2.12-3.6.1-pk\libs\netty-handler-4.1.100.Final.jar;C:\kafka_2.12-3.6.1-pk\libs\netty-resolver-4.1.100.Final.jar;C:\kafka_2.12-3.6.1-pk\libs\netty-transport-4.1.100.Final.jar;C:\kafka_2.12-3.6.1-pk\libs\netty-transport-classes-epoll-4.1.100.Final.jar;C:\kafka_2.12-3.6.1-pk\libs\netty-transport-native-epoll-4.1.100.Final.jar;C:\kafka_2.12-3.6.1-pk\libs\netty-transport-native-unix-common-4.1.100.Final.jar;C:\kafka_2.12-3.6.1-pk\libs\osgi-resource-locator-1.0.3.jar;C:\kafka_2.12-3.6.1-pk\libs\paranamer-2.8.jar;C:\kafka_2.12-3.6.1-pk\libs\pcollections-4.0.1.jar;C:\kafka_2.12-3.6.1-pk\libs\plexus-utils-3.3.1.jar;C:\kafka_2.12-3.6.1-pk\libs\reflections-0.10.2.jar;C:\kafka_2.12-3.6.1-pk\libs\reload4j-1.2.25.jar;C:\kafka_2.12-3.6.1-pk\libs\rocksdbjni-7.9.2.jar;C:\kafka_2.12-3.6.1-pk\libs\scala-collection-compat_2.12-2.10.0.jar;C:\kafka_2.12-3.6.1-pk\libs\scala-java8-compat_2.12-1.0.2.jar;C:\kafka_2.12-3.6.1-pk\libs\scala-library-2.12.18.jar;C:\kafka_2.12-3.6.1-pk\libs\scala-logging_2.12-3.9.4.jar;C:\kafka_2.12-3.6.1-pk\libs\scala-reflect-2.12.18.jar;C:\kafka_2.12-3.6.1-pk\libs\slf4j-api-1.7.36.jar;C:\kafka_2.12-3.6.1-pk\libs\slf4j-reload4j-1.7.36.jar;C:\kafka_2.12-3.6.1-pk\libs\snappy-java-1.1.10.5.jar;C:\kafka_2.12-3.6.1-pk\libs\swagger-annotations-2.2.8.jar;C:\kafka_2.12-3.6.1-pk\libs\trogdor-3.6.1.jar;C:\kafka_2.12-3.6.1-pk\libs\zookeeper-3.8.3.jar;C:\kafka_2.12-3.6.1-pk\libs\zookeeper-jute-3.8.3.jar;C:\kafka_2.12-3.6.1-pk\libs\zstd-jni-1.5.5-1.jar (org.apache.zookeeper.ZooKeeper)
[2024-08-29 15:04:36,674] INFO Client environment:java.library.path=C:\Program Files\Java\jdk-11\bin;C:\Windows\Sun\Java\bin;C:\Windows\system32;C:\Windows;C:\Program Files\Common Files\Oracle\Java\javapath;C:\Windows\system32;C:\Windows;C:\Windows\System32\Wbem;C:\Windows\System32\WindowsPowerShell\v1.0\;C:\Windows\System32\OpenSSH\;C:\Program Files\PuTTY\;C:\Users\localadmin\AppData\Local\Microsoft\WindowsApps;C:\Users\localadmin\AppData\Local\Programs\Microsoft VS Code\bin;. (org.apache.zookeeper.ZooKeeper)
[2024-08-29 15:04:36,675] INFO Client environment:java.io.tmpdir=C:\Users\LOCALA~1\AppData\Local\Temp\ (org.apache.zookeeper.ZooKeeper)
[2024-08-29 15:04:36,676] INFO Client environment:java.compiler=<NA> (org.apache.zookeeper.ZooKeeper)
[2024-08-29 15:04:36,676] INFO Client environment:os.name=Windows 11 (org.apache.zookeeper.ZooKeeper)
[2024-08-29 15:04:36,677] INFO Client environment:os.arch=amd64 (org.apache.zookeeper.ZooKeeper)
[2024-08-29 15:04:36,677] INFO Client environment:os.version=10.0 (org.apache.zookeeper.ZooKeeper)
[2024-08-29 15:04:36,678] INFO Client environment:user.name=localadmin (org.apache.zookeeper.ZooKeeper)
[2024-08-29 15:04:36,678] INFO Client environment:user.home=C:\Users\localadmin (org.apache.zookeeper.ZooKeeper)
[2024-08-29 15:04:36,678] INFO Client environment:user.dir=C:\kafka_2.12-3.6.1-pk (org.apache.zookeeper.ZooKeeper)
[2024-08-29 15:04:36,679] INFO Client environment:os.memory.free=1011MB (org.apache.zookeeper.ZooKeeper)
[2024-08-29 15:04:36,680] INFO Client environment:os.memory.max=1024MB (org.apache.zookeeper.ZooKeeper)
[2024-08-29 15:04:36,680] INFO Client environment:os.memory.total=1024MB (org.apache.zookeeper.ZooKeeper)
[2024-08-29 15:04:36,686] INFO Initiating client connection, connectString=localhost:2181 sessionTimeout=18000 watcher=kafka.zookeeper.ZooKeeperClient$ZooKeeperClientWatcher$@340b9973 (org.apache.zookeeper.ZooKeeper)
[2024-08-29 15:04:36,699] INFO jute.maxbuffer value is 4194304 Bytes (org.apache.zookeeper.ClientCnxnSocket)
[2024-08-29 15:04:36,707] INFO zookeeper.request.timeout value is 0. feature enabled=false (org.apache.zookeeper.ClientCnxn)
[2024-08-29 15:04:36,710] INFO [ZooKeeperClient Kafka server] Waiting until connected. (kafka.zookeeper.ZooKeeperClient)
[2024-08-29 15:04:36,713] INFO Opening socket connection to server localhost/0:0:0:0:0:0:0:1:2181. (org.apache.zookeeper.ClientCnxn)
[2024-08-29 15:04:36,718] INFO Socket connection established, initiating session, client: /0:0:0:0:0:0:0:1:50531, server: localhost/0:0:0:0:0:0:0:1:2181 (org.apache.zookeeper.ClientCnxn)
[2024-08-29 15:04:36,730] INFO Creating new log file: log.1 (org.apache.zookeeper.server.persistence.FileTxnLog)
[2024-08-29 15:04:36,743] INFO Session establishment complete on server localhost/0:0:0:0:0:0:0:1:2181, session id = 0x100000fcdeb0000, negotiated timeout = 18000 (org.apache.zookeeper.ClientCnxn)
[2024-08-29 15:04:36,748] INFO [ZooKeeperClient Kafka server] Connected. (kafka.zookeeper.ZooKeeperClient)
[2024-08-29 15:04:36,793] INFO session=0x100000fcdeb0000	user=0:0:0:0:0:0:0:1	ip=0:0:0:0:0:0:0:1	operation=create	znode=/consumers	znode_type=persistent	result=success (org.apache.zookeeper.audit.Slf4jAuditLogger)
[2024-08-29 15:04:36,812] ERROR session=0x100000fcdeb0000	user=0:0:0:0:0:0:0:1	ip=0:0:0:0:0:0:0:1	operation=create	znode=/brokers/ids	znode_type=persistent	result=failure (org.apache.zookeeper.audit.Slf4jAuditLogger)
[2024-08-29 15:04:36,817] INFO session=0x100000fcdeb0000	user=0:0:0:0:0:0:0:1	ip=0:0:0:0:0:0:0:1	operation=create	znode=/brokers	znode_type=persistent	result=success (org.apache.zookeeper.audit.Slf4jAuditLogger)
[2024-08-29 15:04:36,821] INFO session=0x100000fcdeb0000	user=0:0:0:0:0:0:0:1	ip=0:0:0:0:0:0:0:1	operation=create	znode=/brokers/ids	znode_type=persistent	result=success (org.apache.zookeeper.audit.Slf4jAuditLogger)
[2024-08-29 15:04:36,825] INFO session=0x100000fcdeb0000	user=0:0:0:0:0:0:0:1	ip=0:0:0:0:0:0:0:1	operation=create	znode=/brokers/topics	znode_type=persistent	result=success (org.apache.zookeeper.audit.Slf4jAuditLogger)
[2024-08-29 15:04:36,829] ERROR session=0x100000fcdeb0000	user=0:0:0:0:0:0:0:1	ip=0:0:0:0:0:0:0:1	operation=create	znode=/config/changes	znode_type=persistent	result=failure (org.apache.zookeeper.audit.Slf4jAuditLogger)
[2024-08-29 15:04:36,833] INFO session=0x100000fcdeb0000	user=0:0:0:0:0:0:0:1	ip=0:0:0:0:0:0:0:1	operation=create	znode=/config	znode_type=persistent	result=success (org.apache.zookeeper.audit.Slf4jAuditLogger)
[2024-08-29 15:04:36,836] INFO session=0x100000fcdeb0000	user=0:0:0:0:0:0:0:1	ip=0:0:0:0:0:0:0:1	operation=create	znode=/config/changes	znode_type=persistent	result=success (org.apache.zookeeper.audit.Slf4jAuditLogger)
[2024-08-29 15:04:36,839] ERROR session=0x100000fcdeb0000	user=0:0:0:0:0:0:0:1	ip=0:0:0:0:0:0:0:1	operation=create	znode=/admin/delete_topics	znode_type=persistent	result=failure (org.apache.zookeeper.audit.Slf4jAuditLogger)
[2024-08-29 15:04:36,842] INFO session=0x100000fcdeb0000	user=0:0:0:0:0:0:0:1	ip=0:0:0:0:0:0:0:1	operation=create	znode=/admin	znode_type=persistent	result=success (org.apache.zookeeper.audit.Slf4jAuditLogger)
[2024-08-29 15:04:36,846] INFO session=0x100000fcdeb0000	user=0:0:0:0:0:0:0:1	ip=0:0:0:0:0:0:0:1	operation=create	znode=/admin/delete_topics	znode_type=persistent	result=success (org.apache.zookeeper.audit.Slf4jAuditLogger)
[2024-08-29 15:04:36,849] INFO session=0x100000fcdeb0000	user=0:0:0:0:0:0:0:1	ip=0:0:0:0:0:0:0:1	operation=create	znode=/brokers/seqid	znode_type=persistent	result=success (org.apache.zookeeper.audit.Slf4jAuditLogger)
[2024-08-29 15:04:36,852] INFO session=0x100000fcdeb0000	user=0:0:0:0:0:0:0:1	ip=0:0:0:0:0:0:0:1	operation=create	znode=/isr_change_notification	znode_type=persistent	result=success (org.apache.zookeeper.audit.Slf4jAuditLogger)
[2024-08-29 15:04:36,854] INFO session=0x100000fcdeb0000	user=0:0:0:0:0:0:0:1	ip=0:0:0:0:0:0:0:1	operation=create	znode=/latest_producer_id_block	znode_type=persistent	result=success (org.apache.zookeeper.audit.Slf4jAuditLogger)
[2024-08-29 15:04:36,857] INFO session=0x100000fcdeb0000	user=0:0:0:0:0:0:0:1	ip=0:0:0:0:0:0:0:1	operation=create	znode=/log_dir_event_notification	znode_type=persistent	result=success (org.apache.zookeeper.audit.Slf4jAuditLogger)
[2024-08-29 15:04:36,860] INFO session=0x100000fcdeb0000	user=0:0:0:0:0:0:0:1	ip=0:0:0:0:0:0:0:1	operation=create	znode=/config/topics	znode_type=persistent	result=success (org.apache.zookeeper.audit.Slf4jAuditLogger)
[2024-08-29 15:04:36,864] INFO session=0x100000fcdeb0000	user=0:0:0:0:0:0:0:1	ip=0:0:0:0:0:0:0:1	operation=create	znode=/config/clients	znode_type=persistent	result=success (org.apache.zookeeper.audit.Slf4jAuditLogger)
[2024-08-29 15:04:36,867] INFO session=0x100000fcdeb0000	user=0:0:0:0:0:0:0:1	ip=0:0:0:0:0:0:0:1	operation=create	znode=/config/users	znode_type=persistent	result=success (org.apache.zookeeper.audit.Slf4jAuditLogger)
[2024-08-29 15:04:36,870] INFO session=0x100000fcdeb0000	user=0:0:0:0:0:0:0:1	ip=0:0:0:0:0:0:0:1	operation=create	znode=/config/brokers	znode_type=persistent	result=success (org.apache.zookeeper.audit.Slf4jAuditLogger)
[2024-08-29 15:04:36,872] INFO session=0x100000fcdeb0000	user=0:0:0:0:0:0:0:1	ip=0:0:0:0:0:0:0:1	operation=create	znode=/config/ips	znode_type=persistent	result=success (org.apache.zookeeper.audit.Slf4jAuditLogger)
[2024-08-29 15:04:37,018] ERROR session=0x100000fcdeb0000	user=0:0:0:0:0:0:0:1	ip=0:0:0:0:0:0:0:1	operation=create	znode=/cluster/id	znode_type=persistent	result=failure (org.apache.zookeeper.audit.Slf4jAuditLogger)
[2024-08-29 15:04:37,021] INFO session=0x100000fcdeb0000	user=0:0:0:0:0:0:0:1	ip=0:0:0:0:0:0:0:1	operation=create	znode=/cluster	znode_type=persistent	result=success (org.apache.zookeeper.audit.Slf4jAuditLogger)
[2024-08-29 15:04:37,025] INFO session=0x100000fcdeb0000	user=0:0:0:0:0:0:0:1	ip=0:0:0:0:0:0:0:1	operation=create	znode=/cluster/id	znode_type=persistent	result=success (org.apache.zookeeper.audit.Slf4jAuditLogger)
[2024-08-29 15:04:37,027] INFO Cluster ID = Ru0T_PJoRnWEALowXFYhoQ (kafka.server.KafkaServer)
[2024-08-29 15:04:37,032] WARN No meta.properties file under dir C:\tmp-pk\kafka-logs-100\meta.properties (kafka.server.BrokerMetadataCheckpoint)
[2024-08-29 15:04:37,142] INFO KafkaConfig values: 
	advertised.listeners = PLAINTEXT://localhost:9092
	alter.config.policy.class.name = null
	alter.log.dirs.replication.quota.window.num = 11
	alter.log.dirs.replication.quota.window.size.seconds = 1
	authorizer.class.name = 
	auto.create.topics.enable = true
	auto.include.jmx.reporter = true
	auto.leader.rebalance.enable = true
	background.threads = 10
	broker.heartbeat.interval.ms = 2000
	broker.id = 100
	broker.id.generation.enable = true
	broker.rack = null
	broker.session.timeout.ms = 9000
	client.quota.callback.class = null
	compression.type = producer
	connection.failed.authentication.delay.ms = 100
	connections.max.idle.ms = 600000
	connections.max.reauth.ms = 0
	control.plane.listener.name = null
	controlled.shutdown.enable = true
	controlled.shutdown.max.retries = 3
	controlled.shutdown.retry.backoff.ms = 5000
	controller.listener.names = null
	controller.quorum.append.linger.ms = 25
	controller.quorum.election.backoff.max.ms = 1000
	controller.quorum.election.timeout.ms = 1000
	controller.quorum.fetch.timeout.ms = 2000
	controller.quorum.request.timeout.ms = 2000
	controller.quorum.retry.backoff.ms = 20
	controller.quorum.voters = []
	controller.quota.window.num = 11
	controller.quota.window.size.seconds = 1
	controller.socket.timeout.ms = 30000
	create.topic.policy.class.name = null
	default.replication.factor = 1
	delegation.token.expiry.check.interval.ms = 3600000
	delegation.token.expiry.time.ms = 86400000
	delegation.token.master.key = null
	delegation.token.max.lifetime.ms = 604800000
	delegation.token.secret.key = null
	delete.records.purgatory.purge.interval.requests = 1
	delete.topic.enable = true
	early.start.listeners = null
	fetch.max.bytes = 57671680
	fetch.purgatory.purge.interval.requests = 1000
	group.consumer.assignors = [org.apache.kafka.coordinator.group.assignor.RangeAssignor]
	group.consumer.heartbeat.interval.ms = 5000
	group.consumer.max.heartbeat.interval.ms = 15000
	group.consumer.max.session.timeout.ms = 60000
	group.consumer.max.size = 2147483647
	group.consumer.min.heartbeat.interval.ms = 5000
	group.consumer.min.session.timeout.ms = 45000
	group.consumer.session.timeout.ms = 45000
	group.coordinator.new.enable = false
	group.coordinator.threads = 1
	group.initial.rebalance.delay.ms = 0
	group.max.session.timeout.ms = 1800000
	group.max.size = 2147483647
	group.min.session.timeout.ms = 6000
	initial.broker.registration.timeout.ms = 60000
	inter.broker.listener.name = null
	inter.broker.protocol.version = 3.6-IV2
	kafka.metrics.polling.interval.secs = 10
	kafka.metrics.reporters = []
	leader.imbalance.check.interval.seconds = 300
	leader.imbalance.per.broker.percentage = 10
	listener.security.protocol.map = PLAINTEXT:PLAINTEXT,SSL:SSL,SASL_PLAINTEXT:SASL_PLAINTEXT,SASL_SSL:SASL_SSL
	listeners = PLAINTEXT://localhost:9092
	log.cleaner.backoff.ms = 15000
	log.cleaner.dedupe.buffer.size = 134217728
	log.cleaner.delete.retention.ms = 86400000
	log.cleaner.enable = true
	log.cleaner.io.buffer.load.factor = 0.9
	log.cleaner.io.buffer.size = 524288
	log.cleaner.io.max.bytes.per.second = 1.7976931348623157E308
	log.cleaner.max.compaction.lag.ms = 9223372036854775807
	log.cleaner.min.cleanable.ratio = 0.5
	log.cleaner.min.compaction.lag.ms = 0
	log.cleaner.threads = 1
	log.cleanup.policy = [delete]
	log.dir = /tmp/kafka-logs
	log.dirs = /tmp-pk/kafka-logs-100
	log.flush.interval.messages = 9223372036854775807
	log.flush.interval.ms = null
	log.flush.offset.checkpoint.interval.ms = 60000
	log.flush.scheduler.interval.ms = 9223372036854775807
	log.flush.start.offset.checkpoint.interval.ms = 60000
	log.index.interval.bytes = 4096
	log.index.size.max.bytes = 10485760
	log.local.retention.bytes = -2
	log.local.retention.ms = -2
	log.message.downconversion.enable = true
	log.message.format.version = 3.0-IV1
	log.message.timestamp.after.max.ms = 9223372036854775807
	log.message.timestamp.before.max.ms = 9223372036854775807
	log.message.timestamp.difference.max.ms = 9223372036854775807
	log.message.timestamp.type = CreateTime
	log.preallocate = false
	log.retention.bytes = -1
	log.retention.check.interval.ms = 300000
	log.retention.hours = 168
	log.retention.minutes = null
	log.retention.ms = null
	log.roll.hours = 168
	log.roll.jitter.hours = 0
	log.roll.jitter.ms = null
	log.roll.ms = null
	log.segment.bytes = 1073741824
	log.segment.delete.delay.ms = 60000
	max.connection.creation.rate = 2147483647
	max.connections = 2147483647
	max.connections.per.ip = 2147483647
	max.connections.per.ip.overrides = 
	max.incremental.fetch.session.cache.slots = 1000
	message.max.bytes = 1048588
	metadata.log.dir = null
	metadata.log.max.record.bytes.between.snapshots = 20971520
	metadata.log.max.snapshot.interval.ms = 3600000
	metadata.log.segment.bytes = 1073741824
	metadata.log.segment.min.bytes = 8388608
	metadata.log.segment.ms = 604800000
	metadata.max.idle.interval.ms = 500
	metadata.max.retention.bytes = 104857600
	metadata.max.retention.ms = 604800000
	metric.reporters = []
	metrics.num.samples = 2
	metrics.recording.level = INFO
	metrics.sample.window.ms = 30000
	min.insync.replicas = 1
	node.id = 100
	num.io.threads = 8
	num.network.threads = 3
	num.partitions = 1
	num.recovery.threads.per.data.dir = 1
	num.replica.alter.log.dirs.threads = null
	num.replica.fetchers = 1
	offset.metadata.max.bytes = 4096
	offsets.commit.required.acks = -1
	offsets.commit.timeout.ms = 5000
	offsets.load.buffer.size = 5242880
	offsets.retention.check.interval.ms = 600000
	offsets.retention.minutes = 10080
	offsets.topic.compression.codec = 0
	offsets.topic.num.partitions = 50
	offsets.topic.replication.factor = 1
	offsets.topic.segment.bytes = 104857600
	password.encoder.cipher.algorithm = AES/CBC/PKCS5Padding
	password.encoder.iterations = 4096
	password.encoder.key.length = 128
	password.encoder.keyfactory.algorithm = null
	password.encoder.old.secret = null
	password.encoder.secret = null
	principal.builder.class = class org.apache.kafka.common.security.authenticator.DefaultKafkaPrincipalBuilder
	process.roles = []
	producer.id.expiration.check.interval.ms = 600000
	producer.id.expiration.ms = 86400000
	producer.purgatory.purge.interval.requests = 1000
	queued.max.request.bytes = -1
	queued.max.requests = 500
	quota.window.num = 11
	quota.window.size.seconds = 1
	remote.log.index.file.cache.total.size.bytes = 1073741824
	remote.log.manager.task.interval.ms = 30000
	remote.log.manager.task.retry.backoff.max.ms = 30000
	remote.log.manager.task.retry.backoff.ms = 500
	remote.log.manager.task.retry.jitter = 0.2
	remote.log.manager.thread.pool.size = 10
	remote.log.metadata.custom.metadata.max.bytes = 128
	remote.log.metadata.manager.class.name = org.apache.kafka.server.log.remote.metadata.storage.TopicBasedRemoteLogMetadataManager
	remote.log.metadata.manager.class.path = null
	remote.log.metadata.manager.impl.prefix = rlmm.config.
	remote.log.metadata.manager.listener.name = null
	remote.log.reader.max.pending.tasks = 100
	remote.log.reader.threads = 10
	remote.log.storage.manager.class.name = null
	remote.log.storage.manager.class.path = null
	remote.log.storage.manager.impl.prefix = rsm.config.
	remote.log.storage.system.enable = false
	replica.fetch.backoff.ms = 1000
	replica.fetch.max.bytes = 1048576
	replica.fetch.min.bytes = 1
	replica.fetch.response.max.bytes = 10485760
	replica.fetch.wait.max.ms = 500
	replica.high.watermark.checkpoint.interval.ms = 5000
	replica.lag.time.max.ms = 30000
	replica.selector.class = null
	replica.socket.receive.buffer.bytes = 65536
	replica.socket.timeout.ms = 30000
	replication.quota.window.num = 11
	replication.quota.window.size.seconds = 1
	request.timeout.ms = 30000
	reserved.broker.max.id = 1000
	sasl.client.callback.handler.class = null
	sasl.enabled.mechanisms = [GSSAPI]
	sasl.jaas.config = null
	sasl.kerberos.kinit.cmd = /usr/bin/kinit
	sasl.kerberos.min.time.before.relogin = 60000
	sasl.kerberos.principal.to.local.rules = [DEFAULT]
	sasl.kerberos.service.name = null
	sasl.kerberos.ticket.renew.jitter = 0.05
	sasl.kerberos.ticket.renew.window.factor = 0.8
	sasl.login.callback.handler.class = null
	sasl.login.class = null
	sasl.login.connect.timeout.ms = null
	sasl.login.read.timeout.ms = null
	sasl.login.refresh.buffer.seconds = 300
	sasl.login.refresh.min.period.seconds = 60
	sasl.login.refresh.window.factor = 0.8
	sasl.login.refresh.window.jitter = 0.05
	sasl.login.retry.backoff.max.ms = 10000
	sasl.login.retry.backoff.ms = 100
	sasl.mechanism.controller.protocol = GSSAPI
	sasl.mechanism.inter.broker.protocol = GSSAPI
	sasl.oauthbearer.clock.skew.seconds = 30
	sasl.oauthbearer.expected.audience = null
	sasl.oauthbearer.expected.issuer = null
	sasl.oauthbearer.jwks.endpoint.refresh.ms = 3600000
	sasl.oauthbearer.jwks.endpoint.retry.backoff.max.ms = 10000
	sasl.oauthbearer.jwks.endpoint.retry.backoff.ms = 100
	sasl.oauthbearer.jwks.endpoint.url = null
	sasl.oauthbearer.scope.claim.name = scope
	sasl.oauthbearer.sub.claim.name = sub
	sasl.oauthbearer.token.endpoint.url = null
	sasl.server.callback.handler.class = null
	sasl.server.max.receive.size = 524288
	security.inter.broker.protocol = PLAINTEXT
	security.providers = null
	server.max.startup.time.ms = 9223372036854775807
	socket.connection.setup.timeout.max.ms = 30000
	socket.connection.setup.timeout.ms = 10000
	socket.listen.backlog.size = 50
	socket.receive.buffer.bytes = 102400
	socket.request.max.bytes = 104857600
	socket.send.buffer.bytes = 102400
	ssl.cipher.suites = []
	ssl.client.auth = none
	ssl.enabled.protocols = [TLSv1.2, TLSv1.3]
	ssl.endpoint.identification.algorithm = https
	ssl.engine.factory.class = null
	ssl.key.password = null
	ssl.keymanager.algorithm = SunX509
	ssl.keystore.certificate.chain = null
	ssl.keystore.key = null
	ssl.keystore.location = null
	ssl.keystore.password = null
	ssl.keystore.type = JKS
	ssl.principal.mapping.rules = DEFAULT
	ssl.protocol = TLSv1.3
	ssl.provider = null
	ssl.secure.random.implementation = null
	ssl.trustmanager.algorithm = PKIX
	ssl.truststore.certificates = null
	ssl.truststore.location = null
	ssl.truststore.password = null
	ssl.truststore.type = JKS
	transaction.abort.timed.out.transaction.cleanup.interval.ms = 10000
	transaction.max.timeout.ms = 900000
	transaction.partition.verification.enable = true
	transaction.remove.expired.transaction.cleanup.interval.ms = 3600000
	transaction.state.log.load.buffer.size = 5242880
	transaction.state.log.min.isr = 1
	transaction.state.log.num.partitions = 50
	transaction.state.log.replication.factor = 1
	transaction.state.log.segment.bytes = 104857600
	transactional.id.expiration.ms = 604800000
	unclean.leader.election.enable = false
	unstable.api.versions.enable = false
	zookeeper.clientCnxnSocket = null
	zookeeper.connect = localhost:2181
	zookeeper.connection.timeout.ms = 18000
	zookeeper.max.in.flight.requests = 10
	zookeeper.metadata.migration.enable = false
	zookeeper.session.timeout.ms = 18000
	zookeeper.set.acl = false
	zookeeper.ssl.cipher.suites = null
	zookeeper.ssl.client.enable = false
	zookeeper.ssl.crl.enable = false
	zookeeper.ssl.enabled.protocols = null
	zookeeper.ssl.endpoint.identification.algorithm = HTTPS
	zookeeper.ssl.keystore.location = null
	zookeeper.ssl.keystore.password = null
	zookeeper.ssl.keystore.type = null
	zookeeper.ssl.ocsp.enable = false
	zookeeper.ssl.protocol = TLSv1.2
	zookeeper.ssl.truststore.location = null
	zookeeper.ssl.truststore.password = null
	zookeeper.ssl.truststore.type = null
 (kafka.server.KafkaConfig)
[2024-08-29 15:04:37,222] INFO [ThrottledChannelReaper-Fetch]: Starting (kafka.server.ClientQuotaManager$ThrottledChannelReaper)
[2024-08-29 15:04:37,222] INFO [ThrottledChannelReaper-Produce]: Starting (kafka.server.ClientQuotaManager$ThrottledChannelReaper)
[2024-08-29 15:04:37,224] INFO [ThrottledChannelReaper-Request]: Starting (kafka.server.ClientQuotaManager$ThrottledChannelReaper)
[2024-08-29 15:04:37,226] INFO [ThrottledChannelReaper-ControllerMutation]: Starting (kafka.server.ClientQuotaManager$ThrottledChannelReaper)
[2024-08-29 15:04:37,239] INFO Log directory C:\tmp-pk\kafka-logs-100 not found, creating it. (kafka.log.LogManager)
[2024-08-29 15:04:37,263] INFO Loading logs from log dirs ArrayBuffer(C:\tmp-pk\kafka-logs-100) (kafka.log.LogManager)
[2024-08-29 15:04:37,269] INFO No logs found to be loaded in C:\tmp-pk\kafka-logs-100 (kafka.log.LogManager)
[2024-08-29 15:04:37,284] INFO Loaded 0 logs in 20ms (kafka.log.LogManager)
[2024-08-29 15:04:37,287] INFO Starting log cleanup with a period of 300000 ms. (kafka.log.LogManager)
[2024-08-29 15:04:37,289] INFO Starting log flusher with a default period of 9223372036854775807 ms. (kafka.log.LogManager)
[2024-08-29 15:04:37,363] INFO [kafka-log-cleaner-thread-0]: Starting (kafka.log.LogCleaner$CleanerThread)
[2024-08-29 15:04:37,377] INFO [feature-zk-node-event-process-thread]: Starting (kafka.server.FinalizedFeatureChangeListener$ChangeNotificationProcessorThread)
[2024-08-29 15:04:37,395] INFO Feature ZK node at path: /feature does not exist (kafka.server.FinalizedFeatureChangeListener)
[2024-08-29 15:04:37,419] INFO [zk-broker-100-to-controller-forwarding-channel-manager]: Starting (kafka.server.BrokerToControllerRequestThread)
[2024-08-29 15:04:37,782] INFO Updated connection-accept-rate max connection creation rate to 2147483647 (kafka.network.ConnectionQuotas)
[2024-08-29 15:04:37,804] INFO [SocketServer listenerType=ZK_BROKER, nodeId=100] Created data-plane acceptor and processors for endpoint : ListenerName(PLAINTEXT) (kafka.network.SocketServer)
[2024-08-29 15:04:37,812] INFO [zk-broker-100-to-controller-alter-partition-channel-manager]: Starting (kafka.server.BrokerToControllerRequestThread)
[2024-08-29 15:04:37,837] INFO [ExpirationReaper-100-Produce]: Starting (kafka.server.DelayedOperationPurgatory$ExpiredOperationReaper)
[2024-08-29 15:04:37,838] INFO [ExpirationReaper-100-Fetch]: Starting (kafka.server.DelayedOperationPurgatory$ExpiredOperationReaper)
[2024-08-29 15:04:37,839] INFO [ExpirationReaper-100-DeleteRecords]: Starting (kafka.server.DelayedOperationPurgatory$ExpiredOperationReaper)
[2024-08-29 15:04:37,840] INFO [ExpirationReaper-100-ElectLeader]: Starting (kafka.server.DelayedOperationPurgatory$ExpiredOperationReaper)
[2024-08-29 15:04:37,840] INFO [ExpirationReaper-100-RemoteFetch]: Starting (kafka.server.DelayedOperationPurgatory$ExpiredOperationReaper)
[2024-08-29 15:04:37,854] INFO [LogDirFailureHandler]: Starting (kafka.server.ReplicaManager$LogDirFailureHandler)
[2024-08-29 15:04:37,855] INFO [AddPartitionsToTxnSenderThread-100]: Starting (kafka.server.AddPartitionsToTxnManager)
[2024-08-29 15:04:37,879] INFO Creating /brokers/ids/100 (is it secure? false) (kafka.zk.KafkaZkClient)
[2024-08-29 15:04:37,897] INFO session=0x100000fcdeb0000	user=0:0:0:0:0:0:0:1	ip=0:0:0:0:0:0:0:1	operation=create	znode=/brokers/ids/100	znode_type=ephemeral	result=success (org.apache.zookeeper.audit.Slf4jAuditLogger)
[2024-08-29 15:04:37,898] INFO session=0x100000fcdeb0000	user=0:0:0:0:0:0:0:1	ip=0:0:0:0:0:0:0:1	operation=setData	znode=/brokers/ids/100	result=success (org.apache.zookeeper.audit.Slf4jAuditLogger)
[2024-08-29 15:04:37,904] INFO Stat of the created znode at /brokers/ids/100 is: 25,25,1724924077893,1724924077893,1,0,0,72057661917167616,202,0,25
 (kafka.zk.KafkaZkClient)
[2024-08-29 15:04:37,906] INFO Registered broker 100 at path /brokers/ids/100 with addresses: PLAINTEXT://localhost:9092, czxid (broker epoch): 25 (kafka.zk.KafkaZkClient)
[2024-08-29 15:04:37,978] INFO [ExpirationReaper-100-topic]: Starting (kafka.server.DelayedOperationPurgatory$ExpiredOperationReaper)
[2024-08-29 15:04:37,986] INFO [ExpirationReaper-100-Heartbeat]: Starting (kafka.server.DelayedOperationPurgatory$ExpiredOperationReaper)
[2024-08-29 15:04:37,986] INFO session=0x100000fcdeb0000	user=0:0:0:0:0:0:0:1	ip=0:0:0:0:0:0:0:1	operation=create	znode=/controller_epoch	znode_type=persistent	result=success (org.apache.zookeeper.audit.Slf4jAuditLogger)
[2024-08-29 15:04:37,987] INFO [ExpirationReaper-100-Rebalance]: Starting (kafka.server.DelayedOperationPurgatory$ExpiredOperationReaper)
[2024-08-29 15:04:37,990] INFO Successfully created /controller_epoch with initial epoch 0 (kafka.zk.KafkaZkClient)
[2024-08-29 15:04:38,001] INFO session=0x100000fcdeb0000	user=0:0:0:0:0:0:0:1	ip=0:0:0:0:0:0:0:1	operation=create	znode=/controller	znode_type=ephemeral	result=success (org.apache.zookeeper.audit.Slf4jAuditLogger)
[2024-08-29 15:04:38,002] INFO session=0x100000fcdeb0000	user=0:0:0:0:0:0:0:1	ip=0:0:0:0:0:0:0:1	operation=setData	znode=/controller_epoch	result=success (org.apache.zookeeper.audit.Slf4jAuditLogger)
[2024-08-29 15:04:38,008] INFO [GroupCoordinator 100]: Starting up. (kafka.coordinator.group.GroupCoordinator)
[2024-08-29 15:04:38,018] INFO session=0x100000fcdeb0000	user=0:0:0:0:0:0:0:1	ip=0:0:0:0:0:0:0:1	operation=create	znode=/feature	znode_type=persistent	result=success (org.apache.zookeeper.audit.Slf4jAuditLogger)
[2024-08-29 15:04:38,019] INFO Feature ZK node created at path: /feature (kafka.server.FinalizedFeatureChangeListener)
[2024-08-29 15:04:38,023] INFO [GroupCoordinator 100]: Startup complete. (kafka.coordinator.group.GroupCoordinator)
[2024-08-29 15:04:38,057] INFO [TransactionCoordinator id=100] Starting up. (kafka.coordinator.transaction.TransactionCoordinator)
[2024-08-29 15:04:38,064] INFO [TransactionCoordinator id=100] Startup complete. (kafka.coordinator.transaction.TransactionCoordinator)
[2024-08-29 15:04:38,065] INFO [MetadataCache brokerId=100] Updated cache from existing None to latest Features(version=3.6-IV2, finalizedFeatures={}, finalizedFeaturesEpoch=0). (kafka.server.metadata.ZkMetadataCache)
[2024-08-29 15:04:38,064] INFO [TxnMarkerSenderThread-100]: Starting (kafka.coordinator.transaction.TransactionMarkerChannelManager)
[2024-08-29 15:04:38,121] INFO [ExpirationReaper-100-AlterAcls]: Starting (kafka.server.DelayedOperationPurgatory$ExpiredOperationReaper)
[2024-08-29 15:04:38,156] INFO [/config/changes-event-process-thread]: Starting (kafka.common.ZkNodeChangeNotificationListener$ChangeEventProcessThread)
[2024-08-29 15:04:38,183] INFO [SocketServer listenerType=ZK_BROKER, nodeId=100] Enabling request processing. (kafka.network.SocketServer)
[2024-08-29 15:04:38,185] INFO [Controller id=100, targetBrokerId=100] Node 100 disconnected. (org.apache.kafka.clients.NetworkClient)
[2024-08-29 15:04:38,188] INFO Awaiting socket connections on localhost:9092. (kafka.network.DataPlaneAcceptor)
[2024-08-29 15:04:38,190] WARN [Controller id=100, targetBrokerId=100] Connection to node 100 (localhost/127.0.0.1:9092) could not be established. Broker may not be available. (org.apache.kafka.clients.NetworkClient)
[2024-08-29 15:04:38,199] ERROR session=0x100000fcdeb0000	user=0:0:0:0:0:0:0:1	ip=0:0:0:0:0:0:0:1	operation=multiOperation	result=failure (org.apache.zookeeper.audit.Slf4jAuditLogger)
[2024-08-29 15:04:38,205] INFO [Controller id=100, targetBrokerId=100] Client requested connection close from node 100 (org.apache.kafka.clients.NetworkClient)
[2024-08-29 15:04:38,224] INFO Kafka version: 3.6.1 (org.apache.kafka.common.utils.AppInfoParser)
[2024-08-29 15:04:38,225] INFO Kafka commitId: 5e3c2b738d253ff5 (org.apache.kafka.common.utils.AppInfoParser)
[2024-08-29 15:04:38,225] INFO Kafka startTimeMs: 1724924078218 (org.apache.kafka.common.utils.AppInfoParser)
[2024-08-29 15:04:38,228] INFO [KafkaServer id=100] started (kafka.server.KafkaServer)
[2024-08-29 15:04:38,420] INFO [zk-broker-100-to-controller-forwarding-channel-manager]: Recorded new controller, from now on will use node localhost:9092 (id: 100 rack: null) (kafka.server.BrokerToControllerRequestThread)
[2024-08-29 15:04:38,466] INFO [zk-broker-100-to-controller-alter-partition-channel-manager]: Recorded new controller, from now on will use node localhost:9092 (id: 100 rack: null) (kafka.server.BrokerToControllerRequestThread)
